
ROM used:   1941/8192 (24%)
            1941/8192 (24%) including unused fragments

            2.3 Average locations per line
            24.6 Average locations per statement

RAM used:   35/368 (10%) at main() level
            62/368 (17%) worst case

Stack used: 3 worst case (0 in main + 3 for interrupts)
Stack size: 8

Lines Stmts  %   Files
----- ----- ---  -----
  174    79 100  main.c
   12     0   0  main.h
  671     0   0  ..\..\..\..\..\..\..\..\..\..\..\..\Program Files (x86)\PICC\Devices\16F877A.h
----- -----
  857    79 Total

Page ROM  %  RAM   Vol Diff  Functions:
---- --- --- ---   --- ----  ----------
 Inline         1             @delay_ms1
0     57   3    0   186  2.3  main
0    517  27    1   216  4.1  serial_isr
0     29   1    0             @const648
0     41   2    3             @PSTRINGCN_9600_62_63
0     87   4    0   171  3.8  timer_1
 Inline         2             @MUL88
0     30   2    0             @const655
0     21   1    3             @DIV88
0     91   5    6             @PRINTF_D_9600_62_63
0     66   3    0    70  2.6  timer_2
 Inline         0   162  4.1  detectFlanco
0     35   2    0             @const663
0     77   4    1    92  2.5  init_adc
 Inline         2             @ITOF
0    117   6   13             @MULFF
 Inline         1   859  5.6  init_pwm
0     63   3   10             @FLT
0     21   1    0             @const673
0     89   5    5             @PSTRINGCN7_9600_62_63
 Inline         5             @FTOSD
0     79   4   13             @DIV3232
0    228  12   13             @PRINTF_L32D_9600_62_63FPFPF
0     22   1    0             @const684
0     22   1    0             @const685
0     11   1    0             @const686
 Inline         0    27  0.9  handleTemperature
0     14   1    0             @const687
0     88   5    4             @PSTRINGC7_9600_62_63
 Inline         0    17  0.8  handleWeight
0      9   0    0             @const689
 Inline         0    90  1.5  handleHeartbeat
0     28   1    0             @const690
 Inline         2             @PSTRINGC_9600_62_63
 Inline         0             @cinit1

Program metrics:
    Functions               10
    Statements              79
    Comments                161
    Volume (V)              2992
    Difficulty (D)          25.8
    Effort to implement (E) 77300
    Time to implement (T)   1 hours, 12 minutes
    Est Delivered Bugs (B)  1
    Cyclomatic Complexity   11
    Maintainability (MI)    104

 Segment     Used  Free
-----------  ----  ----
00000-00003     4  0  
00004-00062    95  0  
00063-007FF  1842  107  
00800-00FFF     0  2048  
01000-017FF     0  2048  
01800-01FFF     0  2048  



